{"/Users/gpeach/NetBeansProjects/es6-react-builder/public_html/src/link.react.jsx": {"path":"/Users/gpeach/NetBeansProjects/es6-react-builder/public_html/src/link.react.jsx","s":{"1":1,"2":1,"3":1,"4":1,"5":1,"6":1,"7":1,"8":3},"b":{"1":[3,0],"2":[3,0]},"f":{"1":1},"statementMap":{"1":{"start":{"line":9,"column":0},"end":{"line":42,"column":1}},"2":{"start":{"line":9,"column":15},"end":{"line":42,"column":1}},"3":{"start":{"line":14,"column":4},"end":{"line":14,"column":55}},"4":{"start":{"line":15,"column":4},"end":{"line":15,"column":55}},"5":{"start":{"line":17,"column":4},"end":{"line":19,"column":6}},"6":{"start":{"line":23,"column":4},"end":{"line":23,"column":43}},"7":{"start":{"line":27,"column":4},"end":{"line":27,"column":42}},"8":{"start":{"line":31,"column":4},"end":{"line":39,"column":6}}},"fnMap":{"1":{"name":null,"line":11,"loc":{"start":{"line":11,"column":2},"end":{"line":20,"column":3}}}},"branchMap":{"1":{"line":34,"type":"binary-expr","locations":[{"start":{"line":34,"column":14},"end":{"line":34,"column":36}},{"start":{"line":34,"column":14},"end":{"line":34,"column":36}}]},"2":{"line":34,"type":"binary-expr","locations":[{"start":{"line":34,"column":14},"end":{"line":34,"column":36}},{"start":{"line":34,"column":14},"end":{"line":34,"column":36}}]}},"hash":"599f68a69f2f6a5dfacd966ebc9400fe"}
}
